{"/Users/sthitapragyanparida/Practice/demo-fastify-knex/initEnv.js": {"path":"/Users/sthitapragyanparida/Practice/demo-fastify-knex/initEnv.js","statementMap":{"0":{"start":{"line":1,"column":13},"end":{"line":1,"column":28}},"1":{"start":{"line":3,"column":0},"end":{"line":8,"column":1}},"2":{"start":{"line":4,"column":4},"end":{"line":4,"column":31}},"3":{"start":{"line":5,"column":7},"end":{"line":8,"column":1}},"4":{"start":{"line":6,"column":20},"end":{"line":6,"column":60}},"5":{"start":{"line":7,"column":4},"end":{"line":7,"column":48}}},"fnMap":{},"branchMap":{"0":{"loc":{"start":{"line":3,"column":0},"end":{"line":8,"column":1}},"type":"if","locations":[{"start":{"line":3,"column":0},"end":{"line":8,"column":1}},{"start":{"line":5,"column":7},"end":{"line":8,"column":1}}],"line":3},"1":{"loc":{"start":{"line":5,"column":7},"end":{"line":8,"column":1}},"type":"if","locations":[{"start":{"line":5,"column":7},"end":{"line":8,"column":1}},{"start":{},"end":{}}],"line":5}},"s":{"0":1,"1":1,"2":0,"3":1,"4":1,"5":1},"f":{},"b":{"0":[0,1],"1":[1,0]},"_coverageSchema":"1a1c01bbd47fc00a2c39e90264f33305004495a9","hash":"52ba0efd6600c8554495cb7fc5c6199d2af267b6"}
,"/Users/sthitapragyanparida/Practice/demo-fastify-knex/knexfile.js": {"path":"/Users/sthitapragyanparida/Practice/demo-fastify-knex/knexfile.js","statementMap":{"0":{"start":{"line":6,"column":13},"end":{"line":6,"column":28}},"1":{"start":{"line":7,"column":0},"end":{"line":7,"column":21}},"2":{"start":{"line":9,"column":0},"end":{"line":44,"column":2}}},"fnMap":{},"branchMap":{},"s":{"0":1,"1":1,"2":1},"f":{},"b":{},"_coverageSchema":"1a1c01bbd47fc00a2c39e90264f33305004495a9","hash":"3948545ebe726449d0815b11d86d6890ed666594"}
,"/Users/sthitapragyanparida/Practice/demo-fastify-knex/controller/messages.js": {"path":"/Users/sthitapragyanparida/Practice/demo-fastify-knex/controller/messages.js","statementMap":{"0":{"start":{"line":1,"column":19},"end":{"line":1,"column":41}},"1":{"start":{"line":2,"column":13},"end":{"line":2,"column":62}},"2":{"start":{"line":4,"column":29},"end":{"line":7,"column":1}},"3":{"start":{"line":5,"column":20},"end":{"line":5,"column":57}},"4":{"start":{"line":6,"column":4},"end":{"line":6,"column":19}},"5":{"start":{"line":8,"column":23},"end":{"line":11,"column":1}},"6":{"start":{"line":9,"column":19},"end":{"line":9,"column":47}},"7":{"start":{"line":10,"column":4},"end":{"line":10,"column":24}},"8":{"start":{"line":13,"column":25},"end":{"line":16,"column":1}},"9":{"start":{"line":14,"column":18},"end":{"line":14,"column":71}},"10":{"start":{"line":15,"column":4},"end":{"line":15,"column":18}},"11":{"start":{"line":18,"column":19},"end":{"line":22,"column":1}},"12":{"start":{"line":19,"column":15},"end":{"line":19,"column":36}},"13":{"start":{"line":20,"column":18},"end":{"line":20,"column":44}},"14":{"start":{"line":21,"column":4},"end":{"line":21,"column":23}},"15":{"start":{"line":24,"column":25},"end":{"line":32,"column":1}},"16":{"start":{"line":25,"column":16},"end":{"line":25,"column":63}},"17":{"start":{"line":26,"column":13},"end":{"line":26,"column":29}},"18":{"start":{"line":27,"column":21},"end":{"line":30,"column":5}},"19":{"start":{"line":31,"column":4},"end":{"line":31,"column":21}},"20":{"start":{"line":33,"column":22},"end":{"line":36,"column":1}},"21":{"start":{"line":34,"column":17},"end":{"line":34,"column":64}},"22":{"start":{"line":35,"column":4},"end":{"line":35,"column":17}},"23":{"start":{"line":38,"column":19},"end":{"line":42,"column":1}},"24":{"start":{"line":39,"column":21},"end":{"line":39,"column":61}},"25":{"start":{"line":40,"column":17},"end":{"line":40,"column":48}},"26":{"start":{"line":41,"column":4},"end":{"line":41,"column":22}},"27":{"start":{"line":44,"column":28},"end":{"line":56,"column":1}},"28":{"start":{"line":46,"column":4},"end":{"line":50,"column":6}},"29":{"start":{"line":52,"column":4},"end":{"line":55,"column":6}},"30":{"start":{"line":58,"column":22},"end":{"line":64,"column":1}},"31":{"start":{"line":60,"column":15},"end":{"line":60,"column":36}},"32":{"start":{"line":62,"column":17},"end":{"line":62,"column":64}},"33":{"start":{"line":63,"column":4},"end":{"line":63,"column":22}},"34":{"start":{"line":66,"column":28},"end":{"line":69,"column":1}},"35":{"start":{"line":67,"column":4},"end":{"line":67,"column":56}},"36":{"start":{"line":68,"column":4},"end":{"line":68,"column":47}},"37":{"start":{"line":71,"column":22},"end":{"line":75,"column":1}},"38":{"start":{"line":72,"column":15},"end":{"line":72,"column":36}},"39":{"start":{"line":73,"column":17},"end":{"line":73,"column":46}},"40":{"start":{"line":74,"column":4},"end":{"line":74,"column":22}},"41":{"start":{"line":77,"column":0},"end":{"line":89,"column":1}}},"fnMap":{"0":{"name":"(anonymous_0)","decl":{"start":{"line":4,"column":29},"end":{"line":4,"column":30}},"loc":{"start":{"line":4,"column":41},"end":{"line":7,"column":1}},"line":4},"1":{"name":"(anonymous_1)","decl":{"start":{"line":8,"column":23},"end":{"line":8,"column":24}},"loc":{"start":{"line":8,"column":45},"end":{"line":11,"column":1}},"line":8},"2":{"name":"(anonymous_2)","decl":{"start":{"line":13,"column":25},"end":{"line":13,"column":26}},"loc":{"start":{"line":13,"column":39},"end":{"line":16,"column":1}},"line":13},"3":{"name":"(anonymous_3)","decl":{"start":{"line":18,"column":19},"end":{"line":18,"column":20}},"loc":{"start":{"line":18,"column":41},"end":{"line":22,"column":1}},"line":18},"4":{"name":"(anonymous_4)","decl":{"start":{"line":24,"column":25},"end":{"line":24,"column":26}},"loc":{"start":{"line":24,"column":44},"end":{"line":32,"column":1}},"line":24},"5":{"name":"(anonymous_5)","decl":{"start":{"line":33,"column":22},"end":{"line":33,"column":23}},"loc":{"start":{"line":33,"column":44},"end":{"line":36,"column":1}},"line":33},"6":{"name":"(anonymous_6)","decl":{"start":{"line":38,"column":19},"end":{"line":38,"column":20}},"loc":{"start":{"line":38,"column":41},"end":{"line":42,"column":1}},"line":38},"7":{"name":"(anonymous_7)","decl":{"start":{"line":44,"column":28},"end":{"line":44,"column":29}},"loc":{"start":{"line":44,"column":51},"end":{"line":56,"column":1}},"line":44},"8":{"name":"(anonymous_8)","decl":{"start":{"line":58,"column":22},"end":{"line":58,"column":23}},"loc":{"start":{"line":58,"column":44},"end":{"line":64,"column":1}},"line":58},"9":{"name":"(anonymous_9)","decl":{"start":{"line":66,"column":28},"end":{"line":66,"column":29}},"loc":{"start":{"line":66,"column":42},"end":{"line":69,"column":1}},"line":66},"10":{"name":"(anonymous_10)","decl":{"start":{"line":71,"column":22},"end":{"line":71,"column":23}},"loc":{"start":{"line":71,"column":44},"end":{"line":75,"column":1}},"line":71}},"branchMap":{},"s":{"0":1,"1":1,"2":1,"3":4,"4":4,"5":1,"6":0,"7":0,"8":1,"9":1,"10":1,"11":1,"12":0,"13":0,"14":0,"15":1,"16":1,"17":1,"18":1,"19":1,"20":1,"21":1,"22":1,"23":1,"24":0,"25":0,"26":0,"27":1,"28":1,"29":1,"30":1,"31":0,"32":0,"33":0,"34":1,"35":1,"36":1,"37":1,"38":0,"39":0,"40":0,"41":1},"f":{"0":4,"1":0,"2":1,"3":0,"4":1,"5":1,"6":0,"7":1,"8":0,"9":1,"10":0},"b":{},"_coverageSchema":"1a1c01bbd47fc00a2c39e90264f33305004495a9","hash":"c3ecf3376a28edb26f588a354e6089c82e507272"}
}
